<?xml version="1.0" encoding="UTF-8"?>
<!-- Generated by org.testng.reporters.JUnitReportReporter -->
<testsuite skipped="0" hostname="INENKUMARP130L1C" name="com.parameter.LaunchBrowser" tests="1" failures="0" timestamp="09 Oct 2018 09:56:13 GMT" time="0.018" errors="0">
  <testcase name="launchBrowserTest" time="0.018" classname="com.parameter.LaunchBrowser"/>
</testsuite> <!-- com.parameter.LaunchBrowser -->
